# JRE version: OpenJDK Runtime Environment (8.0_202-b03) (build 1.8.0_202-release-1483-b03)
# Java VM: OpenJDK 64-Bit Server VM (25.202-b03 mixed mode windows-amd64 compressed oops)
Heap:
 PSYoungGen      total 212992K, used 57544K [0x00000000e0000000, 0x00000000f0e00000, 0x0000000100000000)
  eden space 176128K, 32% used [0x00000000e0000000,0x00000000e3832358,0x00000000eac00000)
  from space 36864K, 0% used [0x00000000ed680000,0x00000000ed680000,0x00000000efa80000)
  to   space 43520K, 0% used [0x00000000eac00000,0x00000000eac00000,0x00000000ed680000)
 ParOldGen       total 428032K, used 71575K [0x00000000a0000000, 0x00000000ba200000, 0x00000000e0000000)
  object space 428032K, 16% used [0x00000000a0000000,0x00000000a45e5e08,0x00000000ba200000)
 Metaspace       used 104282K, capacity 107032K, committed 107672K, reserved 1142784K
  class space    used 13526K, capacity 14144K, committed 14248K, reserved 1048576K
GC Heap History (10 events):
Event: 37.045 GC heap before
{Heap before GC invocations=16 (full 3):
 PSYoungGen      total 169984K, used 169964K [0x00000000e0000000, 0x00000000ed200000, 0x0000000100000000)
  eden space 151040K, 100% used [0x00000000e0000000,0x00000000e9380000,0x00000000e9380000)
  from space 18944K, 99% used [0x00000000eaf00000,0x00000000ec17b240,0x00000000ec180000)
  to   space 28160K, 0% used [0x00000000e9380000,0x00000000e9380000,0x00000000eaf00000)
 ParOldGen       total 274944K, used 51043K [0x00000000a0000000, 0x00000000b0c80000, 0x00000000e0000000)
  object space 274944K, 18% used [0x00000000a0000000,0x00000000a31d8d98,0x00000000b0c80000)
 Metaspace       used 74161K, capacity 76536K, committed 76824K, reserved 1116160K
  class space    used 9667K, capacity 10179K, committed 10280K, reserved 1048576K
Event: 37.070 GC heap after
Heap after GC invocations=16 (full 3):
 PSYoungGen      total 179200K, used 22087K [0x00000000e0000000, 0x00000000edd80000, 0x0000000100000000)
  eden space 151040K, 0% used [0x00000000e0000000,0x00000000e0000000,0x00000000e9380000)
  from space 28160K, 78% used [0x00000000e9380000,0x00000000ea911cf0,0x00000000eaf00000)
  to   space 29696K, 0% used [0x00000000ec080000,0x00000000ec080000,0x00000000edd80000)
 ParOldGen       total 274944K, used 51051K [0x00000000a0000000, 0x00000000b0c80000, 0x00000000e0000000)
  object space 274944K, 18% used [0x00000000a0000000,0x00000000a31dad98,0x00000000b0c80000)
 Metaspace       used 74161K, capacity 76536K, committed 76824K, reserved 1116160K
  class space    used 9667K, capacity 10179K, committed 10280K, reserved 1048576K
}
Event: 39.331 GC heap before
{Heap before GC invocations=17 (full 3):
 PSYoungGen      total 179200K, used 173127K [0x00000000e0000000, 0x00000000edd80000, 0x0000000100000000)
  eden space 151040K, 100% used [0x00000000e0000000,0x00000000e9380000,0x00000000e9380000)
  from space 28160K, 78% used [0x00000000e9380000,0x00000000ea911cf0,0x00000000eaf00000)
  to   space 29696K, 0% used [0x00000000ec080000,0x00000000ec080000,0x00000000edd80000)
 ParOldGen       total 274944K, used 51051K [0x00000000a0000000, 0x00000000b0c80000, 0x00000000e0000000)
  object space 274944K, 18% used [0x00000000a0000000,0x00000000a31dad98,0x00000000b0c80000)
 Metaspace       used 74162K, capacity 76536K, committed 76824K, reserved 1116160K
  class space    used 9667K, capacity 10179K, committed 10280K, reserved 1048576K
Event: 39.349 GC heap after
Heap after GC invocations=17 (full 3):
 PSYoungGen      total 196608K, used 20297K [0x00000000e0000000, 0x00000000edf80000, 0x0000000100000000)
  eden space 166912K, 0% used [0x00000000e0000000,0x00000000e0000000,0x00000000ea300000)
  from space 29696K, 68% used [0x00000000ec080000,0x00000000ed452708,0x00000000edd80000)
  to   space 30208K, 0% used [0x00000000ea300000,0x00000000ea300000,0x00000000ec080000)
 ParOldGen       total 274944K, used 51059K [0x00000000a0000000, 0x00000000b0c80000, 0x00000000e0000000)
  object space 274944K, 18% used [0x00000000a0000000,0x00000000a31dcd98,0x00000000b0c80000)
 Metaspace       used 74162K, capacity 76536K, committed 76824K, reserved 1116160K
  class space    used 9667K, capacity 10179K, committed 10280K, reserved 1048576K
}
Event: 57.626 GC heap before
{Heap before GC invocations=18 (full 3):
 PSYoungGen      total 196608K, used 187209K [0x00000000e0000000, 0x00000000edf80000, 0x0000000100000000)
  eden space 166912K, 100% used [0x00000000e0000000,0x00000000ea300000,0x00000000ea300000)
  from space 29696K, 68% used [0x00000000ec080000,0x00000000ed452708,0x00000000edd80000)
  to   space 30208K, 0% used [0x00000000ea300000,0x00000000ea300000,0x00000000ec080000)
 ParOldGen       total 274944K, used 51059K [0x00000000a0000000, 0x00000000b0c80000, 0x00000000e0000000)
  object space 274944K, 18% used [0x00000000a0000000,0x00000000a31dcd98,0x00000000b0c80000)
 Metaspace       used 87150K, capacity 90002K, committed 90136K, reserved 1128448K
  class space    used 11414K, capacity 12004K, committed 12072K, reserved 1048576K
Event: 57.649 GC heap after
Heap after GC invocations=18 (full 3):
 PSYoungGen      total 197120K, used 30182K [0x00000000e0000000, 0x00000000efa80000, 0x0000000100000000)
  eden space 166912K, 0% used [0x00000000e0000000,0x00000000e0000000,0x00000000ea300000)
  from space 30208K, 99% used [0x00000000ea300000,0x00000000ec0798c8,0x00000000ec080000)
  to   space 36864K, 0% used [0x00000000ed680000,0x00000000ed680000,0x00000000efa80000)
 ParOldGen       total 274944K, used 57816K [0x00000000a0000000, 0x00000000b0c80000, 0x00000000e0000000)
  object space 274944K, 21% used [0x00000000a0000000,0x00000000a38761f8,0x00000000b0c80000)
 Metaspace       used 87150K, capacity 90002K, committed 90136K, reserved 1128448K
  class space    used 11414K, capacity 12004K, committed 12072K, reserved 1048576K
}
Event: 59.065 GC heap before
{Heap before GC invocations=19 (full 3):
 PSYoungGen      total 197120K, used 90236K [0x00000000e0000000, 0x00000000efa80000, 0x0000000100000000)
  eden space 166912K, 35% used [0x00000000e0000000,0x00000000e3aa5968,0x00000000ea300000)
  from space 30208K, 99% used [0x00000000ea300000,0x00000000ec0798c8,0x00000000ec080000)
  to   space 36864K, 0% used [0x00000000ed680000,0x00000000ed680000,0x00000000efa80000)
 ParOldGen       total 274944K, used 57816K [0x00000000a0000000, 0x00000000b0c80000, 0x00000000e0000000)
  object space 274944K, 21% used [0x00000000a0000000,0x00000000a38761f8,0x00000000b0c80000)
 Metaspace       used 95567K, capacity 98434K, committed 98584K, reserved 1134592K
  class space    used 12477K, capacity 13082K, committed 13096K, reserved 1048576K
Event: 59.091 GC heap after
Heap after GC invocations=19 (full 3):
 PSYoungGen      total 212992K, used 36838K [0x00000000e0000000, 0x00000000f0e00000, 0x0000000100000000)
  eden space 176128K, 0% used [0x00000000e0000000,0x00000000e0000000,0x00000000eac00000)
  from space 36864K, 99% used [0x00000000ed680000,0x00000000efa79910,0x00000000efa80000)
  to   space 43520K, 0% used [0x00000000eac00000,0x00000000eac00000,0x00000000ed680000)
 ParOldGen       total 274944K, used 61584K [0x00000000a0000000, 0x00000000b0c80000, 0x00000000e0000000)
  object space 274944K, 22% used [0x00000000a0000000,0x00000000a3c24398,0x00000000b0c80000)
 Metaspace       used 95567K, capacity 98434K, committed 98584K, reserved 1134592K
  class space    used 12477K, capacity 13082K, committed 13096K, reserved 1048576K
}
Event: 59.091 GC heap before
{Heap before GC invocations=20 (full 4):
 PSYoungGen      total 212992K, used 36838K [0x00000000e0000000, 0x00000000f0e00000, 0x0000000100000000)
  eden space 176128K, 0% used [0x00000000e0000000,0x00000000e0000000,0x00000000eac00000)
  from space 36864K, 99% used [0x00000000ed680000,0x00000000efa79910,0x00000000efa80000)
  to   space 43520K, 0% used [0x00000000eac00000,0x00000000eac00000,0x00000000ed680000)
 ParOldGen       total 274944K, used 61584K [0x00000000a0000000, 0x00000000b0c80000, 0x00000000e0000000)
  object space 274944K, 22% used [0x00000000a0000000,0x00000000a3c24398,0x00000000b0c80000)
 Metaspace       used 95567K, capacity 98434K, committed 98584K, reserved 1134592K
  class space    used 12477K, capacity 13082K, committed 13096K, reserved 1048576K
Event: 59.253 GC heap after
Heap after GC invocations=20 (full 4):
 PSYoungGen      total 212992K, used 0K [0x00000000e0000000, 0x00000000f0e00000, 0x0000000100000000)
  eden space 176128K, 0% used [0x00000000e0000000,0x00000000e0000000,0x00000000eac00000)
  from space 36864K, 0% used [0x00000000ed680000,0x00000000ed680000,0x00000000efa80000)
  to   space 43520K, 0% used [0x00000000eac00000,0x00000000eac00000,0x00000000ed680000)
 ParOldGen       total 428032K, used 71575K [0x00000000a0000000, 0x00000000ba200000, 0x00000000e0000000)
  object space 428032K, 16% used [0x00000000a0000000,0x00000000a45e5e08,0x00000000ba200000)
 Metaspace       used 95319K, capacity 97772K, committed 98584K, reserved 1134592K
  class space    used 12406K, capacity 12945K, committed 13096K, reserved 1048576K
}

