# JRE version: OpenJDK Runtime Environment (8.0_202-b03) (build 1.8.0_202-release-1483-b03)
# Java VM: OpenJDK 64-Bit Server VM (25.202-b03 mixed mode windows-amd64 compressed oops)
Heap:
 PSYoungGen      total 104960K, used 68825K [0x00000000e0000000, 0x00000000e9080000, 0x0000000100000000)
  eden space 91648K, 61% used [0x00000000e0000000,0x00000000e3725e40,0x00000000e5980000)
  from space 13312K, 92% used [0x00000000e5980000,0x00000000e6590978,0x00000000e6680000)
  to   space 14336K, 0% used [0x00000000e8280000,0x00000000e8280000,0x00000000e9080000)
 ParOldGen       total 115712K, used 17444K [0x00000000a0000000, 0x00000000a7100000, 0x00000000e0000000)
  object space 115712K, 15% used [0x00000000a0000000,0x00000000a11092a0,0x00000000a7100000)
 Metaspace       used 47924K, capacity 49604K, committed 49664K, reserved 1091584K
  class space    used 6476K, capacity 6858K, committed 6912K, reserved 1048576K
GC Heap History (10 events):
Event: 5.056 GC heap before
{Heap before GC invocations=5 (full 1):
 PSYoungGen      total 76288K, used 65536K [0x00000000e0000000, 0x00000000e5500000, 0x0000000100000000)
  eden space 65536K, 100% used [0x00000000e0000000,0x00000000e4000000,0x00000000e4000000)
  from space 10752K, 0% used [0x00000000e4000000,0x00000000e4000000,0x00000000e4a80000)
  to   space 10752K, 0% used [0x00000000e4a80000,0x00000000e4a80000,0x00000000e5500000)
 ParOldGen       total 115712K, used 11833K [0x00000000a0000000, 0x00000000a7100000, 0x00000000e0000000)
  object space 115712K, 10% used [0x00000000a0000000,0x00000000a0b8e6e0,0x00000000a7100000)
 Metaspace       used 28311K, capacity 28962K, committed 29312K, reserved 1075200K
  class space    used 3896K, capacity 4100K, committed 4224K, reserved 1048576K
Event: 5.061 GC heap after
Heap after GC invocations=5 (full 1):
 PSYoungGen      total 76288K, used 7696K [0x00000000e0000000, 0x00000000e7000000, 0x0000000100000000)
  eden space 65536K, 0% used [0x00000000e0000000,0x00000000e0000000,0x00000000e4000000)
  from space 10752K, 71% used [0x00000000e4a80000,0x00000000e5204200,0x00000000e5500000)
  to   space 10752K, 0% used [0x00000000e4000000,0x00000000e4000000,0x00000000e4a80000)
 ParOldGen       total 115712K, used 11841K [0x00000000a0000000, 0x00000000a7100000, 0x00000000e0000000)
  object space 115712K, 10% used [0x00000000a0000000,0x00000000a0b906e0,0x00000000a7100000)
 Metaspace       used 28311K, capacity 28962K, committed 29312K, reserved 1075200K
  class space    used 3896K, capacity 4100K, committed 4224K, reserved 1048576K
}
Event: 6.954 GC heap before
{Heap before GC invocations=6 (full 1):
 PSYoungGen      total 76288K, used 73232K [0x00000000e0000000, 0x00000000e7000000, 0x0000000100000000)
  eden space 65536K, 100% used [0x00000000e0000000,0x00000000e4000000,0x00000000e4000000)
  from space 10752K, 71% used [0x00000000e4a80000,0x00000000e5204200,0x00000000e5500000)
  to   space 10752K, 0% used [0x00000000e4000000,0x00000000e4000000,0x00000000e4a80000)
 ParOldGen       total 115712K, used 11841K [0x00000000a0000000, 0x00000000a7100000, 0x00000000e0000000)
  object space 115712K, 10% used [0x00000000a0000000,0x00000000a0b906e0,0x00000000a7100000)
 Metaspace       used 32066K, capacity 32866K, committed 33152K, reserved 1077248K
  class space    used 4474K, capacity 4702K, committed 4736K, reserved 1048576K
Event: 6.963 GC heap after
Heap after GC invocations=6 (full 1):
 PSYoungGen      total 76288K, used 10000K [0x00000000e0000000, 0x00000000e7400000, 0x0000000100000000)
  eden space 65536K, 0% used [0x00000000e0000000,0x00000000e0000000,0x00000000e4000000)
  from space 10752K, 93% used [0x00000000e4000000,0x00000000e49c4058,0x00000000e4a80000)
  to   space 13312K, 0% used [0x00000000e6700000,0x00000000e6700000,0x00000000e7400000)
 ParOldGen       total 115712K, used 11849K [0x00000000a0000000, 0x00000000a7100000, 0x00000000e0000000)
  object space 115712K, 10% used [0x00000000a0000000,0x00000000a0b926e0,0x00000000a7100000)
 Metaspace       used 32066K, capacity 32866K, committed 33152K, reserved 1077248K
  class space    used 4474K, capacity 4702K, committed 4736K, reserved 1048576K
}
Event: 8.667 GC heap before
{Heap before GC invocations=7 (full 1):
 PSYoungGen      total 76288K, used 52778K [0x00000000e0000000, 0x00000000e7400000, 0x0000000100000000)
  eden space 65536K, 65% used [0x00000000e0000000,0x00000000e29c6b50,0x00000000e4000000)
  from space 10752K, 93% used [0x00000000e4000000,0x00000000e49c4058,0x00000000e4a80000)
  to   space 13312K, 0% used [0x00000000e6700000,0x00000000e6700000,0x00000000e7400000)
 ParOldGen       total 115712K, used 11849K [0x00000000a0000000, 0x00000000a7100000, 0x00000000e0000000)
  object space 115712K, 10% used [0x00000000a0000000,0x00000000a0b926e0,0x00000000a7100000)
 Metaspace       used 34497K, capacity 35412K, committed 35456K, reserved 1079296K
  class space    used 4763K, capacity 4960K, committed 4992K, reserved 1048576K
Event: 8.676 GC heap after
Heap after GC invocations=7 (full 1):
 PSYoungGen      total 104448K, used 10335K [0x00000000e0000000, 0x00000000e7380000, 0x0000000100000000)
  eden space 91648K, 0% used [0x00000000e0000000,0x00000000e0000000,0x00000000e5980000)
  from space 12800K, 80% used [0x00000000e6700000,0x00000000e7117c18,0x00000000e7380000)
  to   space 13312K, 0% used [0x00000000e5980000,0x00000000e5980000,0x00000000e6680000)
 ParOldGen       total 115712K, used 11857K [0x00000000a0000000, 0x00000000a7100000, 0x00000000e0000000)
  object space 115712K, 10% used [0x00000000a0000000,0x00000000a0b946e0,0x00000000a7100000)
 Metaspace       used 34497K, capacity 35412K, committed 35456K, reserved 1079296K
  class space    used 4763K, capacity 4960K, committed 4992K, reserved 1048576K
}
Event: 8.676 GC heap before
{Heap before GC invocations=8 (full 2):
 PSYoungGen      total 104448K, used 10335K [0x00000000e0000000, 0x00000000e7380000, 0x0000000100000000)
  eden space 91648K, 0% used [0x00000000e0000000,0x00000000e0000000,0x00000000e5980000)
  from space 12800K, 80% used [0x00000000e6700000,0x00000000e7117c18,0x00000000e7380000)
  to   space 13312K, 0% used [0x00000000e5980000,0x00000000e5980000,0x00000000e6680000)
 ParOldGen       total 115712K, used 11857K [0x00000000a0000000, 0x00000000a7100000, 0x00000000e0000000)
  object space 115712K, 10% used [0x00000000a0000000,0x00000000a0b946e0,0x00000000a7100000)
 Metaspace       used 34497K, capacity 35412K, committed 35456K, reserved 1079296K
  class space    used 4763K, capacity 4960K, committed 4992K, reserved 1048576K
Event: 8.746 GC heap after
Heap after GC invocations=8 (full 2):
 PSYoungGen      total 104448K, used 0K [0x00000000e0000000, 0x00000000e7380000, 0x0000000100000000)
  eden space 91648K, 0% used [0x00000000e0000000,0x00000000e0000000,0x00000000e5980000)
  from space 12800K, 0% used [0x00000000e6700000,0x00000000e6700000,0x00000000e7380000)
  to   space 13312K, 0% used [0x00000000e5980000,0x00000000e5980000,0x00000000e6680000)
 ParOldGen       total 115712K, used 17436K [0x00000000a0000000, 0x00000000a7100000, 0x00000000e0000000)
  object space 115712K, 15% used [0x00000000a0000000,0x00000000a11072a0,0x00000000a7100000)
 Metaspace       used 34497K, capacity 35412K, committed 35456K, reserved 1079296K
  class space    used 4763K, capacity 4960K, committed 4992K, reserved 1048576K
}
Event: 12.852 GC heap before
{Heap before GC invocations=9 (full 2):
 PSYoungGen      total 104448K, used 91648K [0x00000000e0000000, 0x00000000e7380000, 0x0000000100000000)
  eden space 91648K, 100% used [0x00000000e0000000,0x00000000e5980000,0x00000000e5980000)
  from space 12800K, 0% used [0x00000000e6700000,0x00000000e6700000,0x00000000e7380000)
  to   space 13312K, 0% used [0x00000000e5980000,0x00000000e5980000,0x00000000e6680000)
 ParOldGen       total 115712K, used 17436K [0x00000000a0000000, 0x00000000a7100000, 0x00000000e0000000)
  object space 115712K, 15% used [0x00000000a0000000,0x00000000a11072a0,0x00000000a7100000)
 Metaspace       used 43458K, capacity 44862K, committed 44928K, reserved 1087488K
  class space    used 5916K, capacity 6216K, committed 6272K, reserved 1048576K
Event: 12.861 GC heap after
Heap after GC invocations=9 (full 2):
 PSYoungGen      total 104960K, used 12354K [0x00000000e0000000, 0x00000000e9080000, 0x0000000100000000)
  eden space 91648K, 0% used [0x00000000e0000000,0x00000000e0000000,0x00000000e5980000)
  from space 13312K, 92% used [0x00000000e5980000,0x00000000e6590978,0x00000000e6680000)
  to   space 14336K, 0% used [0x00000000e8280000,0x00000000e8280000,0x00000000e9080000)
 ParOldGen       total 115712K, used 17444K [0x00000000a0000000, 0x00000000a7100000, 0x00000000e0000000)
  object space 115712K, 15% used [0x00000000a0000000,0x00000000a11092a0,0x00000000a7100000)
 Metaspace       used 43458K, capacity 44862K, committed 44928K, reserved 1087488K
  class space    used 5916K, capacity 6216K, committed 6272K, reserved 1048576K
}

