# JRE version: OpenJDK Runtime Environment (8.0_202-b03) (build 1.8.0_202-release-1483-b03)
# Java VM: OpenJDK 64-Bit Server VM (25.202-b03 mixed mode windows-amd64 compressed oops)
Heap:
 PSYoungGen      total 208896K, used 103510K [0x00000000e0000000, 0x00000000f2f00000, 0x0000000100000000)
  eden space 187904K, 55% used [0x00000000e0000000,0x00000000e6515888,0x00000000eb780000)
  from space 20992K, 0% used [0x00000000eb780000,0x00000000eb780000,0x00000000ecc00000)
  to   space 20992K, 0% used [0x00000000f1a80000,0x00000000f1a80000,0x00000000f2f00000)
 ParOldGen       total 181248K, used 29593K [0x00000000a0000000, 0x00000000ab100000, 0x00000000e0000000)
  object space 181248K, 16% used [0x00000000a0000000,0x00000000a1ce6568,0x00000000ab100000)
 Metaspace       used 59754K, capacity 61954K, committed 62196K, reserved 1103872K
  class space    used 8150K, capacity 8610K, committed 8692K, reserved 1048576K
GC Heap History (10 events):
Event: 3.620 GC heap before
{Heap before GC invocations=8 (full 2):
 PSYoungGen      total 155648K, used 9058K [0x00000000e0000000, 0x00000000ede80000, 0x0000000100000000)
  eden space 142336K, 0% used [0x00000000e0000000,0x00000000e0000000,0x00000000e8b00000)
  from space 13312K, 68% used [0x00000000e9800000,0x00000000ea0d8b18,0x00000000ea500000)
  to   space 13312K, 0% used [0x00000000e8b00000,0x00000000e8b00000,0x00000000e9800000)
 ParOldGen       total 113152K, used 11565K [0x00000000a0000000, 0x00000000a6e80000, 0x00000000e0000000)
  object space 113152K, 10% used [0x00000000a0000000,0x00000000a0b4b798,0x00000000a6e80000)
 Metaspace       used 34650K, capacity 35464K, committed 35496K, reserved 1079296K
  class space    used 4793K, capacity 5013K, committed 5032K, reserved 1048576K
Event: 3.689 GC heap after
Heap after GC invocations=8 (full 2):
 PSYoungGen      total 155648K, used 0K [0x00000000e0000000, 0x00000000ede80000, 0x0000000100000000)
  eden space 142336K, 0% used [0x00000000e0000000,0x00000000e0000000,0x00000000e8b00000)
  from space 13312K, 0% used [0x00000000e9800000,0x00000000e9800000,0x00000000ea500000)
  to   space 13312K, 0% used [0x00000000e8b00000,0x00000000e8b00000,0x00000000e9800000)
 ParOldGen       total 181248K, used 16016K [0x00000000a0000000, 0x00000000ab100000, 0x00000000e0000000)
  object space 181248K, 8% used [0x00000000a0000000,0x00000000a0fa41d8,0x00000000ab100000)
 Metaspace       used 34617K, capacity 35350K, committed 35496K, reserved 1079296K
  class space    used 4783K, capacity 4994K, committed 5032K, reserved 1048576K
}
Event: 4.983 GC heap before
{Heap before GC invocations=9 (full 2):
 PSYoungGen      total 155648K, used 142336K [0x00000000e0000000, 0x00000000ede80000, 0x0000000100000000)
  eden space 142336K, 100% used [0x00000000e0000000,0x00000000e8b00000,0x00000000e8b00000)
  from space 13312K, 0% used [0x00000000e9800000,0x00000000e9800000,0x00000000ea500000)
  to   space 13312K, 0% used [0x00000000e8b00000,0x00000000e8b00000,0x00000000e9800000)
 ParOldGen       total 181248K, used 16016K [0x00000000a0000000, 0x00000000ab100000, 0x00000000e0000000)
  object space 181248K, 8% used [0x00000000a0000000,0x00000000a0fa41d8,0x00000000ab100000)
 Metaspace       used 48408K, capacity 49710K, committed 49960K, reserved 1091584K
  class space    used 6551K, capacity 6914K, committed 6952K, reserved 1048576K
Event: 4.997 GC heap after
Heap after GC invocations=9 (full 2):
 PSYoungGen      total 155648K, used 13299K [0x00000000e0000000, 0x00000000edc80000, 0x0000000100000000)
  eden space 142336K, 0% used [0x00000000e0000000,0x00000000e0000000,0x00000000e8b00000)
  from space 13312K, 99% used [0x00000000e8b00000,0x00000000e97fcc28,0x00000000e9800000)
  to   space 16896K, 0% used [0x00000000ecc00000,0x00000000ecc00000,0x00000000edc80000)
 ParOldGen       total 181248K, used 20728K [0x00000000a0000000, 0x00000000ab100000, 0x00000000e0000000)
  object space 181248K, 11% used [0x00000000a0000000,0x00000000a143e220,0x00000000ab100000)
 Metaspace       used 48408K, capacity 49710K, committed 49960K, reserved 1091584K
  class space    used 6551K, capacity 6914K, committed 6952K, reserved 1048576K
}
Event: 6.146 GC heap before
{Heap before GC invocations=10 (full 2):
 PSYoungGen      total 155648K, used 133910K [0x00000000e0000000, 0x00000000edc80000, 0x0000000100000000)
  eden space 142336K, 84% used [0x00000000e0000000,0x00000000e75c8c58,0x00000000e8b00000)
  from space 13312K, 99% used [0x00000000e8b00000,0x00000000e97fcc28,0x00000000e9800000)
  to   space 16896K, 0% used [0x00000000ecc00000,0x00000000ecc00000,0x00000000edc80000)
 ParOldGen       total 181248K, used 20728K [0x00000000a0000000, 0x00000000ab100000, 0x00000000e0000000)
  object space 181248K, 11% used [0x00000000a0000000,0x00000000a143e220,0x00000000ab100000)
 Metaspace       used 57469K, capacity 59212K, committed 59416K, reserved 1099776K
  class space    used 7807K, capacity 8227K, committed 8232K, reserved 1048576K
Event: 6.160 GC heap after
Heap after GC invocations=10 (full 2):
 PSYoungGen      total 204800K, used 16870K [0x00000000e0000000, 0x00000000ee300000, 0x0000000100000000)
  eden space 187904K, 0% used [0x00000000e0000000,0x00000000e0000000,0x00000000eb780000)
  from space 16896K, 99% used [0x00000000ecc00000,0x00000000edc79a10,0x00000000edc80000)
  to   space 20992K, 0% used [0x00000000eb780000,0x00000000eb780000,0x00000000ecc00000)
 ParOldGen       total 181248K, used 25028K [0x00000000a0000000, 0x00000000ab100000, 0x00000000e0000000)
  object space 181248K, 13% used [0x00000000a0000000,0x00000000a18713a8,0x00000000ab100000)
 Metaspace       used 57469K, capacity 59212K, committed 59416K, reserved 1099776K
  class space    used 7807K, capacity 8227K, committed 8232K, reserved 1048576K
}
Event: 6.210 GC heap before
{Heap before GC invocations=11 (full 2):
 PSYoungGen      total 204800K, used 24128K [0x00000000e0000000, 0x00000000ee300000, 0x0000000100000000)
  eden space 187904K, 3% used [0x00000000e0000000,0x00000000e07169c8,0x00000000eb780000)
  from space 16896K, 99% used [0x00000000ecc00000,0x00000000edc79a10,0x00000000edc80000)
  to   space 20992K, 0% used [0x00000000eb780000,0x00000000eb780000,0x00000000ecc00000)
 ParOldGen       total 181248K, used 25028K [0x00000000a0000000, 0x00000000ab100000, 0x00000000e0000000)
  object space 181248K, 13% used [0x00000000a0000000,0x00000000a18713a8,0x00000000ab100000)
 Metaspace       used 57747K, capacity 59442K, committed 59492K, reserved 1099776K
  class space    used 7853K, capacity 8260K, committed 8308K, reserved 1048576K
Event: 6.226 GC heap after
Heap after GC invocations=11 (full 2):
 PSYoungGen      total 208896K, used 14696K [0x00000000e0000000, 0x00000000f2f00000, 0x0000000100000000)
  eden space 187904K, 0% used [0x00000000e0000000,0x00000000e0000000,0x00000000eb780000)
  from space 20992K, 70% used [0x00000000eb780000,0x00000000ec5da0f8,0x00000000ecc00000)
  to   space 20992K, 0% used [0x00000000f1a80000,0x00000000f1a80000,0x00000000f2f00000)
 ParOldGen       total 181248K, used 25036K [0x00000000a0000000, 0x00000000ab100000, 0x00000000e0000000)
  object space 181248K, 13% used [0x00000000a0000000,0x00000000a18733a8,0x00000000ab100000)
 Metaspace       used 57747K, capacity 59442K, committed 59492K, reserved 1099776K
  class space    used 7853K, capacity 8260K, committed 8308K, reserved 1048576K
}
Event: 6.226 GC heap before
{Heap before GC invocations=12 (full 3):
 PSYoungGen      total 208896K, used 14696K [0x00000000e0000000, 0x00000000f2f00000, 0x0000000100000000)
  eden space 187904K, 0% used [0x00000000e0000000,0x00000000e0000000,0x00000000eb780000)
  from space 20992K, 70% used [0x00000000eb780000,0x00000000ec5da0f8,0x00000000ecc00000)
  to   space 20992K, 0% used [0x00000000f1a80000,0x00000000f1a80000,0x00000000f2f00000)
 ParOldGen       total 181248K, used 25036K [0x00000000a0000000, 0x00000000ab100000, 0x00000000e0000000)
  object space 181248K, 13% used [0x00000000a0000000,0x00000000a18733a8,0x00000000ab100000)
 Metaspace       used 57747K, capacity 59442K, committed 59492K, reserved 1099776K
  class space    used 7853K, capacity 8260K, committed 8308K, reserved 1048576K
Event: 6.462 GC heap after
Heap after GC invocations=12 (full 3):
 PSYoungGen      total 208896K, used 0K [0x00000000e0000000, 0x00000000f2f00000, 0x0000000100000000)
  eden space 187904K, 0% used [0x00000000e0000000,0x00000000e0000000,0x00000000eb780000)
  from space 20992K, 0% used [0x00000000eb780000,0x00000000eb780000,0x00000000ecc00000)
  to   space 20992K, 0% used [0x00000000f1a80000,0x00000000f1a80000,0x00000000f2f00000)
 ParOldGen       total 181248K, used 29593K [0x00000000a0000000, 0x00000000ab100000, 0x00000000e0000000)
  object space 181248K, 16% used [0x00000000a0000000,0x00000000a1ce6568,0x00000000ab100000)
 Metaspace       used 57747K, capacity 59442K, committed 59492K, reserved 1099776K
  class space    used 7853K, capacity 8260K, committed 8308K, reserved 1048576K
}

