# JRE version: OpenJDK Runtime Environment (8.0_202-b03) (build 1.8.0_202-release-1483-b03)
# Java VM: OpenJDK 64-Bit Server VM (25.202-b03 mixed mode windows-amd64 compressed oops)
Heap:
 PSYoungGen      total 221696K, used 150383K [0x00000000e0000000, 0x00000000f1180000, 0x0000000100000000)
  eden space 200704K, 64% used [0x00000000e0000000,0x00000000e7e63888,0x00000000ec400000)
  from space 20992K, 99% used [0x00000000ec400000,0x00000000ed878438,0x00000000ed880000)
  to   space 24064K, 0% used [0x00000000efa00000,0x00000000efa00000,0x00000000f1180000)
 ParOldGen       total 172544K, used 36634K [0x00000000a0000000, 0x00000000aa880000, 0x00000000e0000000)
  object space 172544K, 21% used [0x00000000a0000000,0x00000000a23c6860,0x00000000aa880000)
 Metaspace       used 70950K, capacity 73473K, committed 73560K, reserved 1112064K
  class space    used 9557K, capacity 10094K, committed 10112K, reserved 1048576K
GC Heap History (10 events):
Event: 4.069 GC heap before
{Heap before GC invocations=8 (full 2):
 PSYoungGen      total 160256K, used 8882K [0x00000000e0000000, 0x00000000ee400000, 0x0000000100000000)
  eden space 146432K, 0% used [0x00000000e0000000,0x00000000e0000000,0x00000000e8f00000)
  from space 13824K, 64% used [0x00000000e9c00000,0x00000000ea4ac9c0,0x00000000ea980000)
  to   space 13312K, 0% used [0x00000000e8f00000,0x00000000e8f00000,0x00000000e9c00000)
 ParOldGen       total 111616K, used 11891K [0x00000000a0000000, 0x00000000a6d00000, 0x00000000e0000000)
  object space 111616K, 10% used [0x00000000a0000000,0x00000000a0b9cd98,0x00000000a6d00000)
 Metaspace       used 34593K, capacity 35404K, committed 35456K, reserved 1079296K
  class space    used 4782K, capacity 4974K, committed 4992K, reserved 1048576K
Event: 4.138 GC heap after
Heap after GC invocations=8 (full 2):
 PSYoungGen      total 160256K, used 0K [0x00000000e0000000, 0x00000000ee400000, 0x0000000100000000)
  eden space 146432K, 0% used [0x00000000e0000000,0x00000000e0000000,0x00000000e8f00000)
  from space 13824K, 0% used [0x00000000e9c00000,0x00000000e9c00000,0x00000000ea980000)
  to   space 13312K, 0% used [0x00000000e8f00000,0x00000000e8f00000,0x00000000e9c00000)
 ParOldGen       total 172544K, used 15824K [0x00000000a0000000, 0x00000000aa880000, 0x00000000e0000000)
  object space 172544K, 9% used [0x00000000a0000000,0x00000000a0f74038,0x00000000aa880000)
 Metaspace       used 34561K, capacity 35296K, committed 35456K, reserved 1079296K
  class space    used 4772K, capacity 4956K, committed 4992K, reserved 1048576K
}
Event: 5.517 GC heap before
{Heap before GC invocations=9 (full 2):
 PSYoungGen      total 160256K, used 146432K [0x00000000e0000000, 0x00000000ee400000, 0x0000000100000000)
  eden space 146432K, 100% used [0x00000000e0000000,0x00000000e8f00000,0x00000000e8f00000)
  from space 13824K, 0% used [0x00000000e9c00000,0x00000000e9c00000,0x00000000ea980000)
  to   space 13312K, 0% used [0x00000000e8f00000,0x00000000e8f00000,0x00000000e9c00000)
 ParOldGen       total 172544K, used 15824K [0x00000000a0000000, 0x00000000aa880000, 0x00000000e0000000)
  object space 172544K, 9% used [0x00000000a0000000,0x00000000a0f74038,0x00000000aa880000)
 Metaspace       used 48724K, capacity 50030K, committed 50304K, reserved 1093632K
  class space    used 6596K, capacity 6916K, committed 7040K, reserved 1048576K
Event: 5.534 GC heap after
Heap after GC invocations=9 (full 2):
 PSYoungGen      total 159744K, used 13310K [0x00000000e0000000, 0x00000000ee980000, 0x0000000100000000)
  eden space 146432K, 0% used [0x00000000e0000000,0x00000000e0000000,0x00000000e8f00000)
  from space 13312K, 99% used [0x00000000e8f00000,0x00000000e9bff9e8,0x00000000e9c00000)
  to   space 17408K, 0% used [0x00000000ed880000,0x00000000ed880000,0x00000000ee980000)
 ParOldGen       total 172544K, used 20962K [0x00000000a0000000, 0x00000000aa880000, 0x00000000e0000000)
  object space 172544K, 12% used [0x00000000a0000000,0x00000000a1478b18,0x00000000aa880000)
 Metaspace       used 48724K, capacity 50030K, committed 50304K, reserved 1093632K
  class space    used 6596K, capacity 6916K, committed 7040K, reserved 1048576K
}
Event: 6.708 GC heap before
{Heap before GC invocations=10 (full 2):
 PSYoungGen      total 159744K, used 125308K [0x00000000e0000000, 0x00000000ee980000, 0x0000000100000000)
  eden space 146432K, 76% used [0x00000000e0000000,0x00000000e6d5f7b8,0x00000000e8f00000)
  from space 13312K, 99% used [0x00000000e8f00000,0x00000000e9bff9e8,0x00000000e9c00000)
  to   space 17408K, 0% used [0x00000000ed880000,0x00000000ed880000,0x00000000ee980000)
 ParOldGen       total 172544K, used 20962K [0x00000000a0000000, 0x00000000aa880000, 0x00000000e0000000)
  object space 172544K, 12% used [0x00000000a0000000,0x00000000a1478b18,0x00000000aa880000)
 Metaspace       used 57351K, capacity 59023K, committed 59096K, reserved 1099776K
  class space    used 7783K, capacity 8192K, committed 8192K, reserved 1048576K
Event: 6.725 GC heap after
Heap after GC invocations=10 (full 2):
 PSYoungGen      total 218112K, used 17405K [0x00000000e0000000, 0x00000000eee80000, 0x0000000100000000)
  eden space 200704K, 0% used [0x00000000e0000000,0x00000000e0000000,0x00000000ec400000)
  from space 17408K, 99% used [0x00000000ed880000,0x00000000ee97f608,0x00000000ee980000)
  to   space 20992K, 0% used [0x00000000ec400000,0x00000000ec400000,0x00000000ed880000)
 ParOldGen       total 172544K, used 24094K [0x00000000a0000000, 0x00000000aa880000, 0x00000000e0000000)
  object space 172544K, 13% used [0x00000000a0000000,0x00000000a1787888,0x00000000aa880000)
 Metaspace       used 57351K, capacity 59023K, committed 59096K, reserved 1099776K
  class space    used 7783K, capacity 8192K, committed 8192K, reserved 1048576K
}
Event: 6.725 GC heap before
{Heap before GC invocations=11 (full 3):
 PSYoungGen      total 218112K, used 17405K [0x00000000e0000000, 0x00000000eee80000, 0x0000000100000000)
  eden space 200704K, 0% used [0x00000000e0000000,0x00000000e0000000,0x00000000ec400000)
  from space 17408K, 99% used [0x00000000ed880000,0x00000000ee97f608,0x00000000ee980000)
  to   space 20992K, 0% used [0x00000000ec400000,0x00000000ec400000,0x00000000ed880000)
 ParOldGen       total 172544K, used 24094K [0x00000000a0000000, 0x00000000aa880000, 0x00000000e0000000)
  object space 172544K, 13% used [0x00000000a0000000,0x00000000a1787888,0x00000000aa880000)
 Metaspace       used 57351K, capacity 59023K, committed 59096K, reserved 1099776K
  class space    used 7783K, capacity 8192K, committed 8192K, reserved 1048576K
Event: 6.926 GC heap after
Heap after GC invocations=11 (full 3):
 PSYoungGen      total 218112K, used 0K [0x00000000e0000000, 0x00000000eee80000, 0x0000000100000000)
  eden space 200704K, 0% used [0x00000000e0000000,0x00000000e0000000,0x00000000ec400000)
  from space 17408K, 0% used [0x00000000ed880000,0x00000000ed880000,0x00000000ee980000)
  to   space 20992K, 0% used [0x00000000ec400000,0x00000000ec400000,0x00000000ed880000)
 ParOldGen       total 172544K, used 34942K [0x00000000a0000000, 0x00000000aa880000, 0x00000000e0000000)
  object space 172544K, 20% used [0x00000000a0000000,0x00000000a221fa08,0x00000000aa880000)
 Metaspace       used 57351K, capacity 59023K, committed 59096K, reserved 1099776K
  class space    used 7783K, capacity 8192K, committed 8192K, reserved 1048576K
}
Event: 8.865 GC heap before
{Heap before GC invocations=12 (full 3):
 PSYoungGen      total 218112K, used 200704K [0x00000000e0000000, 0x00000000eee80000, 0x0000000100000000)
  eden space 200704K, 100% used [0x00000000e0000000,0x00000000ec400000,0x00000000ec400000)
  from space 17408K, 0% used [0x00000000ed880000,0x00000000ed880000,0x00000000ee980000)
  to   space 20992K, 0% used [0x00000000ec400000,0x00000000ec400000,0x00000000ed880000)
 ParOldGen       total 172544K, used 34942K [0x00000000a0000000, 0x00000000aa880000, 0x00000000e0000000)
  object space 172544K, 20% used [0x00000000a0000000,0x00000000a221fa08,0x00000000aa880000)
 Metaspace       used 64768K, capacity 66903K, committed 67160K, reserved 1107968K
  class space    used 8765K, capacity 9251K, committed 9344K, reserved 1048576K
Event: 8.882 GC heap after
Heap after GC invocations=12 (full 3):
 PSYoungGen      total 221696K, used 20961K [0x00000000e0000000, 0x00000000f1180000, 0x0000000100000000)
  eden space 200704K, 0% used [0x00000000e0000000,0x00000000e0000000,0x00000000ec400000)
  from space 20992K, 99% used [0x00000000ec400000,0x00000000ed878438,0x00000000ed880000)
  to   space 24064K, 0% used [0x00000000efa00000,0x00000000efa00000,0x00000000f1180000)
 ParOldGen       total 172544K, used 36634K [0x00000000a0000000, 0x00000000aa880000, 0x00000000e0000000)
  object space 172544K, 21% used [0x00000000a0000000,0x00000000a23c6860,0x00000000aa880000)
 Metaspace       used 64768K, capacity 66903K, committed 67160K, reserved 1107968K
  class space    used 8765K, capacity 9251K, committed 9344K, reserved 1048576K
}

